2022-01-17 10:45:45,373 - Velocimacro : added VM includeReportInfo: source=/templates/macros/page/reportInfo.vm
2022-01-17 10:45:45,374 - ResourceManager : found /templates/macros/page/reportInfo.vm with loader org.apache.velocity.runtime.resource.loader.ClasspathResourceLoader
2022-01-17 10:45:45,376 - Velocimacro : added VM includeTitle: source=/templates/macros/page/title.vm
2022-01-17 10:45:45,376 - ResourceManager : found /templates/macros/page/title.vm with loader org.apache.velocity.runtime.resource.loader.ClasspathResourceLoader
2022-01-17 10:45:45,377 - Velocimacro : added VM includeExpandingButtons: source=/templates/macros/report/expandAllButtons.vm
2022-01-17 10:45:45,377 - ResourceManager : found /templates/macros/report/expandAllButtons.vm with loader org.apache.velocity.runtime.resource.loader.ClasspathResourceLoader
2022-01-17 10:45:45,382 - Velocimacro : added VM includeReportTable: source=/templates/macros/report/reportTable.vm
2022-01-17 10:45:45,382 - ResourceManager : found /templates/macros/report/reportTable.vm with loader org.apache.velocity.runtime.resource.loader.ClasspathResourceLoader
2022-01-17 10:45:45,383 - Velocimacro : added VM includeReportHeader: source=/templates/macros/report/reportHeader.vm
2022-01-17 10:45:45,383 - ResourceManager : found /templates/macros/report/reportHeader.vm with loader org.apache.velocity.runtime.resource.loader.ClasspathResourceLoader
2022-01-17 10:45:45,386 - Velocimacro : added VM includeStatsTable: source=/templates/macros/report/statsTable.vm
2022-01-17 10:45:45,386 - ResourceManager : found /templates/macros/report/statsTable.vm with loader org.apache.velocity.runtime.resource.loader.ClasspathResourceLoader
2022-01-17 10:45:45,387 - Velocimacro : added VM includeBrief: source=/templates/macros/json/brief.vm
2022-01-17 10:45:45,387 - ResourceManager : found /templates/macros/json/brief.vm with loader org.apache.velocity.runtime.resource.loader.ClasspathResourceLoader
2022-01-17 10:45:45,388 - Velocimacro : added VM includeDocString: source=/templates/macros/json/docstring.vm
2022-01-17 10:45:45,388 - ResourceManager : found /templates/macros/json/docstring.vm with loader org.apache.velocity.runtime.resource.loader.ClasspathResourceLoader
2022-01-17 10:45:45,393 - Velocimacro : added VM includeDuration: source=/templates/macros/json/duration.vm
2022-01-17 10:45:45,394 - ResourceManager : found /templates/macros/json/duration.vm with loader org.apache.velocity.runtime.resource.loader.ClasspathResourceLoader
2022-01-17 10:45:45,397 - Velocimacro : added VM includeElement: source=/templates/macros/json/element.vm
2022-01-17 10:45:45,397 - ResourceManager : found /templates/macros/json/element.vm with loader org.apache.velocity.runtime.resource.loader.ClasspathResourceLoader
2022-01-17 10:45:45,403 - Velocimacro : added VM includeEmbeddings: source=/templates/macros/json/embeddings.vm
2022-01-17 10:45:45,403 - Velocimacro : added VM includeHtmlEmbedding: source=/templates/macros/json/embeddings.vm
2022-01-17 10:45:45,403 - Velocimacro : added VM includeVideoEmbedding: source=/templates/macros/json/embeddings.vm
2022-01-17 10:45:45,403 - Velocimacro : added VM includeImageEmbedding: source=/templates/macros/json/embeddings.vm
2022-01-17 10:45:45,403 - Velocimacro : added VM includeImageReferenceEmbedding: source=/templates/macros/json/embeddings.vm
2022-01-17 10:45:45,403 - Velocimacro : added VM includeTextEmbedding: source=/templates/macros/json/embeddings.vm
2022-01-17 10:45:45,403 - Velocimacro : added VM includeUnknownEmbedding: source=/templates/macros/json/embeddings.vm
2022-01-17 10:45:45,403 - ResourceManager : found /templates/macros/json/embeddings.vm with loader org.apache.velocity.runtime.resource.loader.ClasspathResourceLoader
2022-01-17 10:45:45,408 - Velocimacro : added VM includeHooks: source=/templates/macros/json/hooks.vm
2022-01-17 10:45:45,409 - ResourceManager : found /templates/macros/json/hooks.vm with loader org.apache.velocity.runtime.resource.loader.ClasspathResourceLoader
2022-01-17 10:45:45,411 - Velocimacro : added VM includeOutput: source=/templates/macros/json/output.vm
2022-01-17 10:45:45,411 - ResourceManager : found /templates/macros/json/output.vm with loader org.apache.velocity.runtime.resource.loader.ClasspathResourceLoader
2022-01-17 10:45:45,412 - Velocimacro : added VM includeMessage: source=/templates/macros/json/message.vm
2022-01-17 10:45:45,412 - ResourceManager : found /templates/macros/json/message.vm with loader org.apache.velocity.runtime.resource.loader.ClasspathResourceLoader
2022-01-17 10:45:45,414 - Velocimacro : added VM includeSteps: source=/templates/macros/json/steps.vm
2022-01-17 10:45:45,414 - ResourceManager : found /templates/macros/json/steps.vm with loader org.apache.velocity.runtime.resource.loader.ClasspathResourceLoader
2022-01-17 10:45:45,415 - Velocimacro : added VM includeStepName: source=/templates/macros/json/stepName.vm
2022-01-17 10:45:45,415 - ResourceManager : found /templates/macros/json/stepName.vm with loader org.apache.velocity.runtime.resource.loader.ClasspathResourceLoader
2022-01-17 10:45:45,415 - Velocimacro : added VM includeTags: source=/templates/macros/json/tags.vm
2022-01-17 10:45:45,415 - ResourceManager : found /templates/macros/json/tags.vm with loader org.apache.velocity.runtime.resource.loader.ClasspathResourceLoader
2022-01-17 10:45:45,424 - VM #includeNavigation: too few arguments to macro. Wanted 1 got 0
2022-01-17 10:45:45,425 - Left side ($active_tab) of '==' operation has null value. If it is a reference, it may not be in the context or its toString() returned null. /templates/macros/page/navigation.vm[line 14, column 51]
2022-01-17 10:45:45,425 - Left side ($active_tab) of '==' operation has null value. If it is a reference, it may not be in the context or its toString() returned null. /templates/macros/page/navigation.vm[line 15, column 51]
2022-01-17 10:45:45,425 - Left side ($active_tab) of '==' operation has null value. If it is a reference, it may not be in the context or its toString() returned null. /templates/macros/page/navigation.vm[line 16, column 51]
2022-01-17 10:45:45,425 - Left side ($active_tab) of '==' operation has null value. If it is a reference, it may not be in the context or its toString() returned null. /templates/macros/page/navigation.vm[line 20, column 51]
2022-01-17 10:45:45,447 - ResourceManager : found /templates/footer.vm with loader org.apache.velocity.runtime.resource.loader.ClasspathResourceLoader
2022-02-07 11:34:41,826 - Log4JLogChute initialized using file 'target\velocity.log'
2022-02-07 11:34:41,828 - Initializing Velocity, Calling init()...
2022-02-07 11:34:41,828 - Starting Apache Velocity v1.7 (compiled: 2010-11-19 12:14:37)
2022-02-07 11:34:41,828 - Default Properties File: org\apache\velocity\runtime\defaults\velocity.properties
2022-02-07 11:34:41,828 - Trying to use logger class org.apache.velocity.runtime.log.AvalonLogChute
2022-02-07 11:34:41,828 - Target log system for org.apache.velocity.runtime.log.AvalonLogChute is not available (java.lang.NoClassDefFoundError: org/apache/log/format/Formatter).  Falling back to next log system...
2022-02-07 11:34:41,828 - Trying to use logger class org.apache.velocity.runtime.log.Log4JLogChute
2022-02-07 11:34:41,828 - Using logger class org.apache.velocity.runtime.log.Log4JLogChute
2022-02-07 11:34:41,831 - ResourceLoader instantiated: org.apache.velocity.runtime.resource.loader.ClasspathResourceLoader
2022-02-07 11:34:41,842 - ResourceCache: initialized (class org.apache.velocity.runtime.resource.ResourceCacheImpl) with class java.util.Collections$SynchronizedMap cache map.
2022-02-07 11:34:41,843 - Loaded System Directive: org.apache.velocity.runtime.directive.Stop
2022-02-07 11:34:41,844 - Loaded System Directive: org.apache.velocity.runtime.directive.Define
2022-02-07 11:34:41,844 - Loaded System Directive: org.apache.velocity.runtime.directive.Break
2022-02-07 11:34:41,845 - Loaded System Directive: org.apache.velocity.runtime.directive.Evaluate
2022-02-07 11:34:41,845 - Loaded System Directive: org.apache.velocity.runtime.directive.Literal
2022-02-07 11:34:41,850 - Loaded System Directive: org.apache.velocity.runtime.directive.Macro
2022-02-07 11:34:41,853 - Loaded System Directive: org.apache.velocity.runtime.directive.Parse
2022-02-07 11:34:41,854 - Loaded System Directive: org.apache.velocity.runtime.directive.Include
2022-02-07 11:34:41,855 - Loaded System Directive: org.apache.velocity.runtime.directive.Foreach
2022-02-07 11:34:41,878 - Created '20' parsers.
2022-02-07 11:34:41,882 - Velocimacro : "velocimacro.library" is not set.  Trying default library: VM_global_library.vm
2022-02-07 11:34:41,883 - Could not load resource 'VM_global_library.vm' from ResourceLoader org.apache.velocity.runtime.resource.loader.ClasspathResourceLoader: ClasspathResourceLoader Error: cannot find resource VM_global_library.vm
2022-02-07 11:34:41,883 - Velocimacro : Default library not found.
2022-02-07 11:34:41,883 - Velocimacro : allowInline = true : VMs can be defined inline in templates
2022-02-07 11:34:41,883 - Velocimacro : allowInlineToOverride = false : VMs defined inline may NOT replace previous VM definitions
2022-02-07 11:34:41,883 - Velocimacro : allowInlineLocal = false : VMs defined inline will be global in scope if allowed.
2022-02-07 11:34:41,883 - Velocimacro : autoload off : VM system will not automatically reload global library macros
2022-02-07 11:34:41,941 - ResourceManager : found templates/generators/errorpage.vm with loader org.apache.velocity.runtime.resource.loader.ClasspathResourceLoader
2022-02-07 11:34:41,944 - ResourceManager : found /templates/headers.vm with loader org.apache.velocity.runtime.resource.loader.ClasspathResourceLoader
2022-02-07 11:34:41,945 - ResourceManager : found /templates/head.vm with loader org.apache.velocity.runtime.resource.loader.ClasspathResourceLoader
2022-02-07 11:34:41,947 - Velocimacro : added VM stringArray: source=/templates/macros/array.js.vm
2022-02-07 11:34:41,947 - Velocimacro : added VM numberArray: source=/templates/macros/array.js.vm
2022-02-07 11:34:41,947 - ResourceManager : found /templates/macros/array.js.vm with loader org.apache.velocity.runtime.resource.loader.ClasspathResourceLoader
2022-02-07 11:34:41,949 - Velocimacro : added VM includeBuildInfo: source=/templates/macros/page/buildinfo.vm
2022-02-07 11:34:41,949 - ResourceManager : found /templates/macros/page/buildinfo.vm with loader org.apache.velocity.runtime.resource.loader.ClasspathResourceLoader
2022-02-07 11:34:41,952 - Velocimacro : added VM includeClassifications: source=/templates/macros/page/classifications.vm
2022-02-07 11:34:41,952 - ResourceManager : found /templates/macros/page/classifications.vm with loader org.apache.velocity.runtime.resource.loader.ClasspathResourceLoader
2022-02-07 11:34:41,952 - Velocimacro : added VM includeLead: source=/templates/macros/page/lead.vm
2022-02-07 11:34:41,952 - ResourceManager : found /templates/macros/page/lead.vm with loader org.apache.velocity.runtime.resource.loader.ClasspathResourceLoader
2022-02-07 11:34:41,955 - Velocimacro : added VM includeNavigation: source=/templates/macros/page/navigation.vm
2022-02-07 11:34:41,955 - ResourceManager : found /templates/macros/page/navigation.vm with loader org.apache.velocity.runtime.resource.loader.ClasspathResourceLoader
2022-02-07 11:34:41,957 - Velocimacro : added VM includeReportInfo: source=/templates/macros/page/reportInfo.vm
2022-02-07 11:34:41,957 - ResourceManager : found /templates/macros/page/reportInfo.vm with loader org.apache.velocity.runtime.resource.loader.ClasspathResourceLoader
2022-02-07 11:34:41,958 - Velocimacro : added VM includeTitle: source=/templates/macros/page/title.vm
2022-02-07 11:34:41,958 - ResourceManager : found /templates/macros/page/title.vm with loader org.apache.velocity.runtime.resource.loader.ClasspathResourceLoader
2022-02-07 11:34:41,958 - Velocimacro : added VM includeExpandingButtons: source=/templates/macros/report/expandAllButtons.vm
2022-02-07 11:34:41,958 - ResourceManager : found /templates/macros/report/expandAllButtons.vm with loader org.apache.velocity.runtime.resource.loader.ClasspathResourceLoader
2022-02-07 11:34:41,965 - Velocimacro : added VM includeReportTable: source=/templates/macros/report/reportTable.vm
2022-02-07 11:34:41,965 - ResourceManager : found /templates/macros/report/reportTable.vm with loader org.apache.velocity.runtime.resource.loader.ClasspathResourceLoader
2022-02-07 11:34:41,966 - Velocimacro : added VM includeReportHeader: source=/templates/macros/report/reportHeader.vm
2022-02-07 11:34:41,966 - ResourceManager : found /templates/macros/report/reportHeader.vm with loader org.apache.velocity.runtime.resource.loader.ClasspathResourceLoader
2022-02-07 11:34:41,970 - Velocimacro : added VM includeStatsTable: source=/templates/macros/report/statsTable.vm
2022-02-07 11:34:41,970 - ResourceManager : found /templates/macros/report/statsTable.vm with loader org.apache.velocity.runtime.resource.loader.ClasspathResourceLoader
2022-02-07 11:34:41,971 - Velocimacro : added VM includeBrief: source=/templates/macros/json/brief.vm
2022-02-07 11:34:41,971 - ResourceManager : found /templates/macros/json/brief.vm with loader org.apache.velocity.runtime.resource.loader.ClasspathResourceLoader
2022-02-07 11:34:41,971 - Velocimacro : added VM includeDocString: source=/templates/macros/json/docstring.vm
2022-02-07 11:34:41,971 - ResourceManager : found /templates/macros/json/docstring.vm with loader org.apache.velocity.runtime.resource.loader.ClasspathResourceLoader
2022-02-07 11:34:41,973 - Velocimacro : added VM includeDuration: source=/templates/macros/json/duration.vm
2022-02-07 11:34:41,973 - ResourceManager : found /templates/macros/json/duration.vm with loader org.apache.velocity.runtime.resource.loader.ClasspathResourceLoader
2022-02-07 11:34:41,975 - Velocimacro : added VM includeElement: source=/templates/macros/json/element.vm
2022-02-07 11:34:41,975 - ResourceManager : found /templates/macros/json/element.vm with loader org.apache.velocity.runtime.resource.loader.ClasspathResourceLoader
2022-02-07 11:34:41,983 - Velocimacro : added VM includeEmbeddings: source=/templates/macros/json/embeddings.vm
2022-02-07 11:34:41,983 - Velocimacro : added VM includeHtmlEmbedding: source=/templates/macros/json/embeddings.vm
2022-02-07 11:34:41,983 - Velocimacro : added VM includeVideoEmbedding: source=/templates/macros/json/embeddings.vm
2022-02-07 11:34:41,984 - Velocimacro : added VM includeImageEmbedding: source=/templates/macros/json/embeddings.vm
2022-02-07 11:34:41,984 - Velocimacro : added VM includeImageReferenceEmbedding: source=/templates/macros/json/embeddings.vm
2022-02-07 11:34:41,984 - Velocimacro : added VM includeTextEmbedding: source=/templates/macros/json/embeddings.vm
2022-02-07 11:34:41,984 - Velocimacro : added VM includeUnknownEmbedding: source=/templates/macros/json/embeddings.vm
2022-02-07 11:34:41,984 - ResourceManager : found /templates/macros/json/embeddings.vm with loader org.apache.velocity.runtime.resource.loader.ClasspathResourceLoader
2022-02-07 11:34:41,985 - Velocimacro : added VM includeHooks: source=/templates/macros/json/hooks.vm
2022-02-07 11:34:41,985 - ResourceManager : found /templates/macros/json/hooks.vm with loader org.apache.velocity.runtime.resource.loader.ClasspathResourceLoader
2022-02-07 11:34:41,987 - Velocimacro : added VM includeOutput: source=/templates/macros/json/output.vm
2022-02-07 11:34:41,991 - ResourceManager : found /templates/macros/json/output.vm with loader org.apache.velocity.runtime.resource.loader.ClasspathResourceLoader
2022-02-07 11:34:41,993 - Velocimacro : added VM includeMessage: source=/templates/macros/json/message.vm
2022-02-07 11:34:41,993 - ResourceManager : found /templates/macros/json/message.vm with loader org.apache.velocity.runtime.resource.loader.ClasspathResourceLoader
2022-02-07 11:34:41,994 - Velocimacro : added VM includeSteps: source=/templates/macros/json/steps.vm
2022-02-07 11:34:41,994 - ResourceManager : found /templates/macros/json/steps.vm with loader org.apache.velocity.runtime.resource.loader.ClasspathResourceLoader
2022-02-07 11:34:41,995 - Velocimacro : added VM includeStepName: source=/templates/macros/json/stepName.vm
2022-02-07 11:34:41,995 - ResourceManager : found /templates/macros/json/stepName.vm with loader org.apache.velocity.runtime.resource.loader.ClasspathResourceLoader
2022-02-07 11:34:41,995 - Velocimacro : added VM includeTags: source=/templates/macros/json/tags.vm
2022-02-07 11:34:41,995 - ResourceManager : found /templates/macros/json/tags.vm with loader org.apache.velocity.runtime.resource.loader.ClasspathResourceLoader
2022-02-07 11:34:42,003 - VM #includeNavigation: too few arguments to macro. Wanted 1 got 0
2022-02-07 11:34:42,003 - Left side ($active_tab) of '==' operation has null value. If it is a reference, it may not be in the context or its toString() returned null. /templates/macros/page/navigation.vm[line 14, column 51]
2022-02-07 11:34:42,003 - Left side ($active_tab) of '==' operation has null value. If it is a reference, it may not be in the context or its toString() returned null. /templates/macros/page/navigation.vm[line 15, column 51]
2022-02-07 11:34:42,003 - Left side ($active_tab) of '==' operation has null value. If it is a reference, it may not be in the context or its toString() returned null. /templates/macros/page/navigation.vm[line 16, column 51]
2022-02-07 11:34:42,003 - Left side ($active_tab) of '==' operation has null value. If it is a reference, it may not be in the context or its toString() returned null. /templates/macros/page/navigation.vm[line 20, column 51]
2022-02-07 11:34:42,016 - ResourceManager : found /templates/footer.vm with loader org.apache.velocity.runtime.resource.loader.ClasspathResourceLoader
2022-02-07 11:35:05,525 - Log4JLogChute initialized using file 'target\velocity.log'
2022-02-07 11:35:05,525 - Initializing Velocity, Calling init()...
2022-02-07 11:35:05,525 - Starting Apache Velocity v1.7 (compiled: 2010-11-19 12:14:37)
2022-02-07 11:35:05,525 - Default Properties File: org\apache\velocity\runtime\defaults\velocity.properties
2022-02-07 11:35:05,525 - Trying to use logger class org.apache.velocity.runtime.log.AvalonLogChute
2022-02-07 11:35:05,525 - Target log system for org.apache.velocity.runtime.log.AvalonLogChute is not available (java.lang.NoClassDefFoundError: org/apache/log/format/Formatter).  Falling back to next log system...
2022-02-07 11:35:05,525 - Trying to use logger class org.apache.velocity.runtime.log.Log4JLogChute
2022-02-07 11:35:05,525 - Using logger class org.apache.velocity.runtime.log.Log4JLogChute
2022-02-07 11:35:05,527 - ResourceLoader instantiated: org.apache.velocity.runtime.resource.loader.ClasspathResourceLoader
2022-02-07 11:35:05,532 - ResourceCache: initialized (class org.apache.velocity.runtime.resource.ResourceCacheImpl) with class java.util.Collections$SynchronizedMap cache map.
2022-02-07 11:35:05,533 - Loaded System Directive: org.apache.velocity.runtime.directive.Stop
2022-02-07 11:35:05,534 - Loaded System Directive: org.apache.velocity.runtime.directive.Define
2022-02-07 11:35:05,534 - Loaded System Directive: org.apache.velocity.runtime.directive.Break
2022-02-07 11:35:05,534 - Loaded System Directive: org.apache.velocity.runtime.directive.Evaluate
2022-02-07 11:35:05,535 - Loaded System Directive: org.apache.velocity.runtime.directive.Literal
2022-02-07 11:35:05,535 - Loaded System Directive: org.apache.velocity.runtime.directive.Macro
2022-02-07 11:35:05,535 - Loaded System Directive: org.apache.velocity.runtime.directive.Parse
2022-02-07 11:35:05,536 - Loaded System Directive: org.apache.velocity.runtime.directive.Include
2022-02-07 11:35:05,537 - Loaded System Directive: org.apache.velocity.runtime.directive.Foreach
2022-02-07 11:35:05,555 - Created '20' parsers.
2022-02-07 11:35:05,557 - Velocimacro : "velocimacro.library" is not set.  Trying default library: VM_global_library.vm
2022-02-07 11:35:05,557 - Could not load resource 'VM_global_library.vm' from ResourceLoader org.apache.velocity.runtime.resource.loader.ClasspathResourceLoader: ClasspathResourceLoader Error: cannot find resource VM_global_library.vm
2022-02-07 11:35:05,558 - Velocimacro : Default library not found.
2022-02-07 11:35:05,558 - Velocimacro : allowInline = true : VMs can be defined inline in templates
2022-02-07 11:35:05,558 - Velocimacro : allowInlineToOverride = false : VMs defined inline may NOT replace previous VM definitions
2022-02-07 11:35:05,558 - Velocimacro : allowInlineLocal = false : VMs defined inline will be global in scope if allowed.
2022-02-07 11:35:05,558 - Velocimacro : autoload off : VM system will not automatically reload global library macros
2022-02-07 11:35:05,611 - ResourceManager : found templates/generators/errorpage.vm with loader org.apache.velocity.runtime.resource.loader.ClasspathResourceLoader
2022-02-07 11:35:05,614 - ResourceManager : found /templates/headers.vm with loader org.apache.velocity.runtime.resource.loader.ClasspathResourceLoader
2022-02-07 11:35:05,614 - ResourceManager : found /templates/head.vm with loader org.apache.velocity.runtime.resource.loader.ClasspathResourceLoader
2022-02-07 11:35:05,616 - Velocimacro : added VM stringArray: source=/templates/macros/array.js.vm
2022-02-07 11:35:05,616 - Velocimacro : added VM numberArray: source=/templates/macros/array.js.vm
2022-02-07 11:35:05,616 - ResourceManager : found /templates/macros/array.js.vm with loader org.apache.velocity.runtime.resource.loader.ClasspathResourceLoader
2022-02-07 11:35:05,618 - Velocimacro : added VM includeBuildInfo: source=/templates/macros/page/buildinfo.vm
2022-02-07 11:35:05,618 - ResourceManager : found /templates/macros/page/buildinfo.vm with loader org.apache.velocity.runtime.resource.loader.ClasspathResourceLoader
2022-02-07 11:35:05,621 - Velocimacro : added VM includeClassifications: source=/templates/macros/page/classifications.vm
2022-02-07 11:35:05,621 - ResourceManager : found /templates/macros/page/classifications.vm with loader org.apache.velocity.runtime.resource.loader.ClasspathResourceLoader
2022-02-07 11:35:05,622 - Velocimacro : added VM includeLead: source=/templates/macros/page/lead.vm
2022-02-07 11:35:05,622 - ResourceManager : found /templates/macros/page/lead.vm with loader org.apache.velocity.runtime.resource.loader.ClasspathResourceLoader
2022-02-07 11:35:05,624 - Velocimacro : added VM includeNavigation: source=/templates/macros/page/navigation.vm
2022-02-07 11:35:05,624 - ResourceManager : found /templates/macros/page/navigation.vm with loader org.apache.velocity.runtime.resource.loader.ClasspathResourceLoader
2022-02-07 11:35:05,628 - Velocimacro : added VM includeReportInfo: source=/templates/macros/page/reportInfo.vm
2022-02-07 11:35:05,628 - ResourceManager : found /templates/macros/page/reportInfo.vm with loader org.apache.velocity.runtime.resource.loader.ClasspathResourceLoader
2022-02-07 11:35:05,631 - Velocimacro : added VM includeTitle: source=/templates/macros/page/title.vm
2022-02-07 11:35:05,631 - ResourceManager : found /templates/macros/page/title.vm with loader org.apache.velocity.runtime.resource.loader.ClasspathResourceLoader
2022-02-07 11:35:05,631 - Velocimacro : added VM includeExpandingButtons: source=/templates/macros/report/expandAllButtons.vm
2022-02-07 11:35:05,631 - ResourceManager : found /templates/macros/report/expandAllButtons.vm with loader org.apache.velocity.runtime.resource.loader.ClasspathResourceLoader
2022-02-07 11:35:05,634 - Velocimacro : added VM includeReportTable: source=/templates/macros/report/reportTable.vm
2022-02-07 11:35:05,635 - ResourceManager : found /templates/macros/report/reportTable.vm with loader org.apache.velocity.runtime.resource.loader.ClasspathResourceLoader
2022-02-07 11:35:05,636 - Velocimacro : added VM includeReportHeader: source=/templates/macros/report/reportHeader.vm
2022-02-07 11:35:05,636 - ResourceManager : found /templates/macros/report/reportHeader.vm with loader org.apache.velocity.runtime.resource.loader.ClasspathResourceLoader
2022-02-07 11:35:05,639 - Velocimacro : added VM includeStatsTable: source=/templates/macros/report/statsTable.vm
2022-02-07 11:35:05,639 - ResourceManager : found /templates/macros/report/statsTable.vm with loader org.apache.velocity.runtime.resource.loader.ClasspathResourceLoader
2022-02-07 11:35:05,640 - Velocimacro : added VM includeBrief: source=/templates/macros/json/brief.vm
2022-02-07 11:35:05,640 - ResourceManager : found /templates/macros/json/brief.vm with loader org.apache.velocity.runtime.resource.loader.ClasspathResourceLoader
2022-02-07 11:35:05,642 - Velocimacro : added VM includeDocString: source=/templates/macros/json/docstring.vm
2022-02-07 11:35:05,642 - ResourceManager : found /templates/macros/json/docstring.vm with loader org.apache.velocity.runtime.resource.loader.ClasspathResourceLoader
2022-02-07 11:35:05,643 - Velocimacro : added VM includeDuration: source=/templates/macros/json/duration.vm
2022-02-07 11:35:05,643 - ResourceManager : found /templates/macros/json/duration.vm with loader org.apache.velocity.runtime.resource.loader.ClasspathResourceLoader
2022-02-07 11:35:05,647 - Velocimacro : added VM includeElement: source=/templates/macros/json/element.vm
2022-02-07 11:35:05,647 - ResourceManager : found /templates/macros/json/element.vm with loader org.apache.velocity.runtime.resource.loader.ClasspathResourceLoader
2022-02-07 11:35:05,652 - Velocimacro : added VM includeEmbeddings: source=/templates/macros/json/embeddings.vm
2022-02-07 11:35:05,652 - Velocimacro : added VM includeHtmlEmbedding: source=/templates/macros/json/embeddings.vm
2022-02-07 11:35:05,652 - Velocimacro : added VM includeVideoEmbedding: source=/templates/macros/json/embeddings.vm
2022-02-07 11:35:05,652 - Velocimacro : added VM includeImageEmbedding: source=/templates/macros/json/embeddings.vm
2022-02-07 11:35:05,652 - Velocimacro : added VM includeImageReferenceEmbedding: source=/templates/macros/json/embeddings.vm
2022-02-07 11:35:05,652 - Velocimacro : added VM includeTextEmbedding: source=/templates/macros/json/embeddings.vm
2022-02-07 11:35:05,653 - Velocimacro : added VM includeUnknownEmbedding: source=/templates/macros/json/embeddings.vm
2022-02-07 11:35:05,653 - ResourceManager : found /templates/macros/json/embeddings.vm with loader org.apache.velocity.runtime.resource.loader.ClasspathResourceLoader
2022-02-07 11:35:05,654 - Velocimacro : added VM includeHooks: source=/templates/macros/json/hooks.vm
2022-02-07 11:35:05,654 - ResourceManager : found /templates/macros/json/hooks.vm with loader org.apache.velocity.runtime.resource.loader.ClasspathResourceLoader
2022-02-07 11:35:05,656 - Velocimacro : added VM includeOutput: source=/templates/macros/json/output.vm
2022-02-07 11:35:05,656 - ResourceManager : found /templates/macros/json/output.vm with loader org.apache.velocity.runtime.resource.loader.ClasspathResourceLoader
2022-02-07 11:35:05,657 - Velocimacro : added VM includeMessage: source=/templates/macros/json/message.vm
2022-02-07 11:35:05,657 - ResourceManager : found /templates/macros/json/message.vm with loader org.apache.velocity.runtime.resource.loader.ClasspathResourceLoader
2022-02-07 11:35:05,659 - Velocimacro : added VM includeSteps: source=/templates/macros/json/steps.vm
2022-02-07 11:35:05,659 - ResourceManager : found /templates/macros/json/steps.vm with loader org.apache.velocity.runtime.resource.loader.ClasspathResourceLoader
2022-02-07 11:35:05,660 - Velocimacro : added VM includeStepName: source=/templates/macros/json/stepName.vm
2022-02-07 11:35:05,660 - ResourceManager : found /templates/macros/json/stepName.vm with loader org.apache.velocity.runtime.resource.loader.ClasspathResourceLoader
2022-02-07 11:35:05,661 - Velocimacro : added VM includeTags: source=/templates/macros/json/tags.vm
2022-02-07 11:35:05,662 - ResourceManager : found /templates/macros/json/tags.vm with loader org.apache.velocity.runtime.resource.loader.ClasspathResourceLoader
2022-02-07 11:35:05,669 - VM #includeNavigation: too few arguments to macro. Wanted 1 got 0
2022-02-07 11:35:05,669 - Left side ($active_tab) of '==' operation has null value. If it is a reference, it may not be in the context or its toString() returned null. /templates/macros/page/navigation.vm[line 14, column 51]
2022-02-07 11:35:05,670 - Left side ($active_tab) of '==' operation has null value. If it is a reference, it may not be in the context or its toString() returned null. /templates/macros/page/navigation.vm[line 15, column 51]
2022-02-07 11:35:05,670 - Left side ($active_tab) of '==' operation has null value. If it is a reference, it may not be in the context or its toString() returned null. /templates/macros/page/navigation.vm[line 16, column 51]
2022-02-07 11:35:05,670 - Left side ($active_tab) of '==' operation has null value. If it is a reference, it may not be in the context or its toString() returned null. /templates/macros/page/navigation.vm[line 20, column 51]
2022-02-07 11:35:05,682 - ResourceManager : found /templates/footer.vm with loader org.apache.velocity.runtime.resource.loader.ClasspathResourceLoader
